2018-11-08 11:05:02 INFO  RespondXMLFormatter:22 - New client connected
2018-11-08 11:05:16 ERROR RespondXMLFormatter:37 - Connection reset
2018-11-08 11:05:20 INFO  RespondXMLFormatter:22 - New client connected
2018-11-08 11:05:25 ERROR RespondXMLFormatter:32 - x can't be a token
2018-11-08 11:05:40 ERROR RespondXMLFormatter:32 - x can't be a token
2018-11-08 11:07:43 INFO  RespondXMLFormatter:22 - New client connected
2018-11-08 11:08:22 ERROR RespondXMLFormatter:32 - x can't be a token
2018-11-08 11:18:24 INFO  RespondXMLFormatter:22 - New client connected
2018-11-08 11:18:31 ERROR RespondXMLFormatter:32 - x can't be a token
2018-11-08 11:24:48 INFO  RespondXMLFormatter:22 - New client connected
2018-11-08 11:25:03 ERROR RespondXMLFormatter:32 - x can't be a token
2018-11-08 12:44:39 INFO  RespondXMLFormatter:22 - New client connected
2018-11-08 12:44:44 ERROR RespondXMLFormatter:32 - x can't be a token
2018-11-08 12:44:58 ERROR RespondXMLFormatter:37 - Connection reset
2018-11-08 12:47:44 INFO  RespondXMLFormatter:22 - New client connected
2018-11-08 12:47:46 ERROR RespondXMLFormatter:32 - Unacceptable RPN format
2018-11-08 12:47:46 ERROR RespondXMLFormatter:32 - Unacceptable RPN format
2018-11-08 12:47:46 ERROR RespondXMLFormatter:67 - Unable to process parametrized expression
2018-11-08 12:47:46 ERROR RespondXMLFormatter:32 - Unacceptable RPN format
2018-11-08 12:47:46 ERROR RespondXMLFormatter:67 - Unable to process parametrized expression
2018-11-08 12:47:46 ERROR RespondXMLFormatter:32 - Unacceptable RPN format
2018-11-08 12:47:46 ERROR RespondXMLFormatter:67 - Unable to process parametrized expression
2018-11-08 12:47:46 ERROR RespondXMLFormatter:32 - Unacceptable RPN format
2018-11-08 12:47:46 ERROR RespondXMLFormatter:67 - Unable to process parametrized expression
2018-11-08 12:47:46 ERROR RespondXMLFormatter:32 - Unacceptable RPN format
2018-11-08 12:47:46 ERROR RespondXMLFormatter:67 - Unable to process parametrized expression
2018-11-08 12:47:46 ERROR RespondXMLFormatter:32 - Unacceptable RPN format
2018-11-08 12:47:46 ERROR RespondXMLFormatter:67 - Unable to process parametrized expression
2018-11-08 12:47:46 ERROR RespondXMLFormatter:32 - Unacceptable RPN format
2018-11-08 12:47:46 ERROR RespondXMLFormatter:67 - Unable to process parametrized expression
2018-11-08 12:47:46 ERROR RespondXMLFormatter:32 - Unacceptable RPN format
2018-11-08 12:47:46 ERROR RespondXMLFormatter:67 - Unable to process parametrized expression
2018-11-08 12:47:46 ERROR RespondXMLFormatter:32 - Unacceptable RPN format
2018-11-08 12:47:46 ERROR RespondXMLFormatter:67 - Unable to process parametrized expression
2018-11-08 12:47:46 ERROR RespondXMLFormatter:32 - Unacceptable RPN format
2018-11-08 12:47:46 ERROR RespondXMLFormatter:67 - Unable to process parametrized expression
2018-11-08 12:47:46 ERROR RespondXMLFormatter:32 - Unacceptable RPN format
2018-11-08 12:47:46 ERROR RespondXMLFormatter:67 - Unable to process parametrized expression
2018-11-08 12:51:25 INFO  RespondXMLFormatter:22 - New client connected
2018-11-08 12:51:27 ERROR RespondXMLFormatter:32 - Unacceptable RPN format
2018-11-08 12:51:27 ERROR RespondXMLFormatter:32 - Unacceptable RPN format
2018-11-08 12:51:27 ERROR RespondXMLFormatter:67 - Unable to process parametrized expression
2018-11-08 12:51:27 ERROR RespondXMLFormatter:32 - Unacceptable RPN format
2018-11-08 12:51:27 ERROR RespondXMLFormatter:67 - Unable to process parametrized expression
2018-11-08 12:51:27 ERROR RespondXMLFormatter:32 - Unacceptable RPN format
2018-11-08 12:51:27 ERROR RespondXMLFormatter:67 - Unable to process parametrized expression
2018-11-08 12:51:27 ERROR RespondXMLFormatter:32 - Unacceptable RPN format
2018-11-08 12:51:27 ERROR RespondXMLFormatter:67 - Unable to process parametrized expression
2018-11-08 12:51:27 ERROR RespondXMLFormatter:32 - Unacceptable RPN format
2018-11-08 12:51:27 ERROR RespondXMLFormatter:67 - Unable to process parametrized expression
2018-11-08 12:51:27 ERROR RespondXMLFormatter:32 - Unacceptable RPN format
2018-11-08 12:51:27 ERROR RespondXMLFormatter:67 - Unable to process parametrized expression
2018-11-08 12:51:27 ERROR RespondXMLFormatter:32 - Unacceptable RPN format
2018-11-08 12:51:27 ERROR RespondXMLFormatter:67 - Unable to process parametrized expression
2018-11-08 12:51:27 ERROR RespondXMLFormatter:32 - Unacceptable RPN format
2018-11-08 12:51:27 ERROR RespondXMLFormatter:67 - Unable to process parametrized expression
2018-11-08 12:51:27 ERROR RespondXMLFormatter:32 - Unacceptable RPN format
2018-11-08 12:51:27 ERROR RespondXMLFormatter:67 - Unable to process parametrized expression
2018-11-08 12:51:27 ERROR RespondXMLFormatter:32 - Unacceptable RPN format
2018-11-08 12:51:27 ERROR RespondXMLFormatter:67 - Unable to process parametrized expression
2018-11-08 12:51:27 ERROR RespondXMLFormatter:32 - Unacceptable RPN format
2018-11-08 12:51:27 ERROR RespondXMLFormatter:67 - Unable to process parametrized expression
2018-11-08 12:51:34 ERROR RespondXMLFormatter:32 - x can't be a token
2018-11-08 12:51:42 ERROR RespondXMLFormatter:37 - Connection reset
2018-11-08 13:15:17 INFO  RespondXMLFormatter:22 - New client connected
2018-11-08 13:15:22 ERROR RespondXMLFormatter:32 - x can't be a token
2018-11-08 13:18:48 ERROR RespondXMLFormatter:37 - Connection reset
2018-11-08 13:18:57 INFO  RespondXMLFormatter:22 - New client connected
2018-11-08 13:19:01 ERROR RespondXMLFormatter:32 - x can't be a token
2018-11-08 13:20:20 ERROR RespondXMLFormatter:37 - Connection reset
2018-11-08 13:32:44 INFO  RespondXMLFormatter:22 - New client connected
2018-11-08 13:32:54 ERROR RespondXMLFormatter:32 - x can't be a token
2018-11-08 13:32:58 ERROR RespondXMLFormatter:37 - Connection reset
